#
# There is insufficient memory for the Java Runtime Environment to continue.
# Native memory allocation (malloc) failed to allocate 32744 bytes for ChunkPool::allocate
# Possible reasons:
#   The system is out of physical RAM or swap space
#   In 32 bit mode, the process size limit was hit
# Possible solutions:
#   Reduce memory load on the system
#   Increase physical memory or swap space
#   Check if swap backing store is full
#   Use 64 bit Java on a 64 bit OS
#   Decrease Java heap size (-Xmx/-Xms)
#   Decrease number of Java threads
#   Decrease Java thread stack sizes (-Xss)
#   Set larger code cache with -XX:ReservedCodeCacheSize=
# This output file may be truncated or incomplete.
#
#  Out of Memory Error (allocation.cpp:273), pid=15616, tid=13888
#
# JRE version: Java(TM) SE Runtime Environment (8.0_66-b18) (build 1.8.0_66-b18)
# Java VM: Java HotSpot(TM) 64-Bit Server VM (25.66-b18 mixed mode windows-amd64 compressed oops)
# Failed to write core dump. Minidumps are not enabled by default on client versions of Windows
#

---------------  T H R E A D  ---------------

Current thread (0x000000001491f800):  JavaThread "C1 CompilerThread2" daemon [_thread_in_native, id=13888, stack(0x0000000016130000,0x0000000016230000)]

Stack: [0x0000000016130000,0x0000000016230000]
[error occurred during error reporting (printing stack bounds), id 0xc0000005]

Native frames: (J=compiled Java code, j=interpreted, Vv=VM code, C=native code)


Current CompileTask:
C1:   8994  175       3       jdk.internal.org.objectweb.asm.Frame::execute (2252 bytes)


---------------  P R O C E S S  ---------------

Java Threads: ( => current thread )
  0x000000001624c800 JavaThread "Service Thread" daemon [_thread_blocked, id=12700, stack(0x0000000016630000,0x0000000016730000)]
=>0x000000001491f800 JavaThread "C1 CompilerThread2" daemon [_thread_in_native, id=13888, stack(0x0000000016130000,0x0000000016230000)]
  0x000000001490b000 JavaThread "C2 CompilerThread1" daemon [_thread_in_native, id=14384, stack(0x0000000016030000,0x0000000016130000)]
  0x00000000148ed800 JavaThread "C2 CompilerThread0" daemon [_thread_in_native, id=13472, stack(0x0000000015f30000,0x0000000016030000)]
  0x00000000148eb000 JavaThread "Attach Listener" daemon [_thread_blocked, id=15776, stack(0x0000000015e30000,0x0000000015f30000)]
  0x00000000148ea000 JavaThread "Signal Dispatcher" daemon [_thread_blocked, id=15744, stack(0x0000000015d30000,0x0000000015e30000)]
  0x00000000022f6000 JavaThread "Finalizer" daemon [_thread_blocked, id=15844, stack(0x0000000015b50000,0x0000000015c50000)]
  0x00000000022ed000 JavaThread "Reference Handler" daemon [_thread_blocked, id=15840, stack(0x0000000015a50000,0x0000000015b50000)]
  0x0000000002201000 JavaThread "main" [_thread_in_native, id=15800, stack(0x0000000002100000,0x0000000002200000)]

Other Threads:
  0x00000000148b7800 VMThread [stack: 0x0000000015950000,0x0000000015a50000] [id=15836]
  0x0000000016251000 WatcherThread [stack: 0x0000000016730000,0x0000000016830000] [id=15880]

VM state:not at safepoint (normal execution)

VM Mutex/Monitor currently owned by a thread: None

Heap:
 PSYoungGen      total 18944K, used 2621K [0x00000000eb300000, 0x00000000ec800000, 0x0000000100000000)
  eden space 16384K, 16% used [0x00000000eb300000,0x00000000eb58f7f0,0x00000000ec300000)
  from space 2560K, 0% used [0x00000000ec580000,0x00000000ec580000,0x00000000ec800000)
  to   space 2560K, 0% used [0x00000000ec300000,0x00000000ec300000,0x00000000ec580000)
 ParOldGen       total 44032K, used 0K [0x00000000c1800000, 0x00000000c4300000, 0x00000000eb300000)
  object space 44032K, 0% used [0x00000000c1800000,0x00000000c1800000,0x00000000c4300000)
 Metaspace       used 4211K, capacity 4782K, committed 4992K, reserved 1056768K
  class space    used 490K, capacity 551K, committed 640K, reserved 1048576K

Card table byte_map: [0x00000000116c0000,0x00000000118c0000] byte_map_base: 0x00000000110b4000

Marking Bits: (ParMarkBitMap*) 0x0000000066b4a5b0
 Begin Bits: [0x0000000011e10000, 0x0000000012db0000)
 End Bits:   [0x0000000012db0000, 0x0000000013d50000)

Polling page: 0x00000000004e0000

CodeCache: size=245760Kb used=1380Kb max_used=1380Kb free=244379Kb
 bounds [0x0000000002300000, 0x0000000002570000, 0x0000000011300000]
 total_blobs=449 nmethods=181 adapters=180
 compilation: enabled

Compilation events (10 events):
Event: 8.897 Thread 0x000000001491f800 nmethod 165 0x0000000002452010 code [0x00000000024521a0, 0x0000000002452578]
Event: 8.897 Thread 0x000000001491f800  167       3       java.lang.String::<init> (10 bytes)
Event: 8.897 Thread 0x000000001491f800 nmethod 167 0x0000000002452890 code [0x00000000024529e0, 0x0000000002452bb0]
Event: 8.897 Thread 0x000000001491f800  166       3       java.util.Collections$UnmodifiableCollection$1::hasNext (10 bytes)
Event: 8.897 Thread 0x000000001491f800 nmethod 166 0x0000000002452c50 code [0x0000000002452dc0, 0x0000000002452fe8]
Event: 8.897 Thread 0x000000001491f800  168       1       java.lang.invoke.MethodHandle::type (5 bytes)
Event: 8.897 Thread 0x000000001491f800 nmethod 168 0x0000000002453090 code [0x00000000024531e0, 0x00000000024532f0]
Event: 8.897 Thread 0x000000001491f800  171       3       java.lang.invoke.InvokerBytecodeGenerator::isStaticallyNameable (116 bytes)
Event: 8.900 Thread 0x000000001491f800 nmethod 171 0x00000000024537d0 code [0x0000000002453b40, 0x0000000002455c18]
Event: 8.900 Thread 0x000000001491f800  175       3       jdk.internal.org.objectweb.asm.Frame::execute (2252 bytes)

GC Heap History (0 events):
No events

Deoptimization events (0 events):
No events

Internal exceptions (7 events):
Event: 1.895 Thread 0x0000000002201000 Exception <a 'java/lang/NoSuchMethodError': Method sun.misc.Unsafe.defineClass(Ljava/lang/String;[BII)Ljava/lang/Class; name or signature does not match> (0x00000000eb30d3a8) thrown at [C:\re\workspace\8-2-build-windows-amd64-cygwin\jdk8u66\5298\hotspot\sr*{%Tþ?
Event: 1.896 Thread 0x0000000002201000 Exception <a 'java/lang/NoSuchMethodError': Method sun.misc.Unsafe.prefetchRead(Ljava/lang/Object;J)V name or signature does not match> (0x00000000eb30d690) thrown at [C:\re\workspace\8-2-build-windows-amd64-cygwin\jdk8u66\5298\hotspot\src\share\vm\prims\jYøN¬@
Event: 7.267 Thread 0x0000000002201000 Exception <a 'java/security/PrivilegedActionException'> (0x00000000eb44fbb8) thrown at [C:\re\workspace\8-2-build-windows-amd64-cygwin\jdk8u66\5298\hotspot\src\share\vm\prims\jvm.cpp, line 1386]
Event: 7.267 Thread 0x0000000002201000 Exception <a 'java/security/PrivilegedActionException'> (0x00000000eb44fdc8) thrown at [C:\re\workspace\8-2-build-windows-amd64-cygwin\jdk8u66\5298\hotspot\src\share\vm\prims\jvm.cpp, line 1386]
Event: 7.269 Thread 0x0000000002201000 Exception <a 'java/security/PrivilegedActionException'> (0x00000000eb453c10) thrown at [C:\re\workspace\8-2-build-windows-amd64-cygwin\jdk8u66\5298\hotspot\src\share\vm\prims\jvm.cpp, line 1386]
Event: 7.269 Thread 0x0000000002201000 Exception <a 'java/security/PrivilegedActionException'> (0x00000000eb453e20) thrown at [C:\re\workspace\8-2-build-windows-amd64-cygwin\jdk8u66\5298\hotspot\src\share\vm\prims\jvm.cpp, line 1386]
Event: 8.340 Thread 0x0000000002201000 Exception <a 'java/io/FileNotFoundException'> (0x00000000eb4563f8) thrown at [C:\re\workspace\8-2-build-windows-amd64-cygwin\jdk8u66\5298\hotspot\src\share\vm\prims\jni.cpp, line 709]

Events (10 events):
Event: 8.858 loading class java/lang/invoke/MethodHandleImpl$AsVarargsCollector
Event: 8.858 loading class java/lang/invoke/DelegatingMethodHandle
Event: 8.873 loading class java/lang/invoke/DelegatingMethodHandle done
Event: 8.873 loading class java/lang/invoke/MethodHandleImpl$AsVarargsCollector done
Event: 8.873 loading class java/lang/invoke/WrongMethodTypeException
Event: 8.873 loading class java/lang/invoke/WrongMethodTypeException done
Event: 8.877 loading class java/lang/invoke/MethodHandleImpl$Lazy
Event: 8.882 loading class java/lang/invoke/MethodHandleImpl$Lazy done
Event: 8.883 loading class java/lang/invoke/MethodHandleImpl$IntrinsicMethodHandle
Event: 8.883 loading class java/lang/invoke/MethodHandleImpl$IntrinsicMethodHandle done


Dynamic libraries:
0x00007ff70d2d0000 - 0x00007ff70d307000 	C:\Program Files\Java\jdk1.8.0_66\bin\javaw.exe
0x00007ffa7c530000 - 0x00007ffa7c6f1000 	C:\WINDOWS\SYSTEM32\ntdll.dll
0x00007ffa7a5f0000 - 0x00007ffa7a69d000 	C:\WINDOWS\system32\KERNEL32.DLL
0x00007ffa795f0000 - 0x00007ffa797d8000 	C:\WINDOWS\system32\KERNELBASE.dll
0x00007ffa79fd0000 - 0x00007ffa7a077000 	C:\WINDOWS\system32\ADVAPI32.dll
0x00007ffa7a550000 - 0x00007ffa7a5ed000 	C:\WINDOWS\system32\msvcrt.dll
0x00007ffa7c170000 - 0x00007ffa7c1cb000 	C:\WINDOWS\system32\sechost.dll
0x00007ffa7a0e0000 - 0x00007ffa7a1fc000 	C:\WINDOWS\system32\RPCRT4.dll
0x00007ffa7a3f0000 - 0x00007ffa7a546000 	C:\WINDOWS\system32\USER32.dll
0x00007ffa7bf10000 - 0x00007ffa7c096000 	C:\WINDOWS\system32\GDI32.dll
0x00007ffa69440000 - 0x00007ffa696b4000 	C:\WINDOWS\WinSxS\amd64_microsoft.windows.common-controls_6595b64144ccf1df_6.0.10586.0_none_8c15ae12515e1c22\COMCTL32.dll
0x00007ffa7a6a0000 - 0x00007ffa7a91d000 	C:\WINDOWS\system32\combase.dll
0x00007ffa78be0000 - 0x00007ffa78c4a000 	C:\WINDOWS\system32\bcryptPrimitives.dll
0x00007ffa7a3b0000 - 0x00007ffa7a3eb000 	C:\WINDOWS\system32\IMM32.DLL
0x0000000066bd0000 - 0x0000000066ca2000 	C:\Program Files\Java\jdk1.8.0_66\jre\bin\msvcr100.dll
0x0000000066340000 - 0x0000000066bc9000 	C:\Program Files\Java\jdk1.8.0_66\jre\bin\server\jvm.dll
0x00007ffa7a920000 - 0x00007ffa7a928000 	C:\WINDOWS\system32\PSAPI.DLL
0x00007ffa74050000 - 0x00007ffa74059000 	C:\WINDOWS\SYSTEM32\WSOCK32.dll
0x00007ffa76430000 - 0x00007ffa76453000 	C:\WINDOWS\SYSTEM32\WINMM.dll
0x00007ffa76c30000 - 0x00007ffa76c3a000 	C:\WINDOWS\SYSTEM32\VERSION.dll
0x00007ffa76400000 - 0x00007ffa7642c000 	C:\WINDOWS\SYSTEM32\WINMMBASE.dll
0x00007ffa7c2e0000 - 0x00007ffa7c34b000 	C:\WINDOWS\system32\WS2_32.dll
0x00007ffa78e20000 - 0x00007ffa78e63000 	C:\WINDOWS\system32\cfgmgr32.dll
0x0000000067a60000 - 0x0000000067a6f000 	C:\Program Files\Java\jdk1.8.0_66\jre\bin\verify.dll
0x0000000066310000 - 0x0000000066339000 	C:\Program Files\Java\jdk1.8.0_66\jre\bin\java.dll
0x00000000662f0000 - 0x0000000066306000 	C:\Program Files\Java\jdk1.8.0_66\jre\bin\zip.dll
0x00007ffa7a940000 - 0x00007ffa7be9c000 	C:\WINDOWS\system32\SHELL32.dll
0x00007ffa78ed0000 - 0x00007ffa79514000 	C:\WINDOWS\system32\windows.storage.dll
0x00007ffa79a90000 - 0x00007ffa79ae2000 	C:\WINDOWS\system32\shlwapi.dll
0x00007ffa78b80000 - 0x00007ffa78b8f000 	C:\WINDOWS\system32\kernel.appcore.dll
0x00007ffa797e0000 - 0x00007ffa79895000 	C:\WINDOWS\system32\shcore.dll
0x00007ffa78b90000 - 0x00007ffa78bdb000 	C:\WINDOWS\system32\powrprof.dll
0x00007ffa78b60000 - 0x00007ffa78b74000 	C:\WINDOWS\system32\profapi.dll
0x0000000066150000 - 0x00000000662e8000 	C:\Program Files\Java\jdk1.8.0_66\jre\bin\awt.dll
0x00007ffa7c0a0000 - 0x00007ffa7c161000 	C:\WINDOWS\system32\OLEAUT32.dll
0x00007ffa76a00000 - 0x00007ffa76a79000 	C:\WINDOWS\system32\apphelp.dll

VM Arguments:
jvm_args: -Dfile.encoding=Cp1252 
java_command: Tester
java_class_path (initial): C:\Users\Matthew Hinton\Desktop\Git\Game;C:\Users\Matthew Hinton\Desktop\GridWorldCode\GridWorldCode\gridworld.jar
Launcher Type: SUN_STANDARD

Environment Variables:
JAVA_HOME=C:\Program Files\Java\jdk1.8.0_66
CLASSPATH=.;C:\Program Files (x86)\Java\jre1.8.0_66\lib\ext\QTJava.zip
PATH=C:/Program Files/Java/jre1.8.0_66/bin/server;C:/Program Files/Java/jre1.8.0_66/bin;C:/Program Files/Java/jre1.8.0_66/lib/amd64;C:\ProgramData\Oracle\Java\javapath;C:\Program Files (x86)\Intel\iCLS Client\;C:\Program Files\Intel\iCLS Client\;C:\WINDOWS\system32;C:\WINDOWS;C:\WINDOWS\System32\Wbem;C:\WINDOWS\System32\WindowsPowerShell\v1.0\;C:\Program Files (x86)\Intel\Intel(R) Management Engine Components\DAL;C:\Program Files\Intel\Intel(R) Management Engine Components\DAL;C:\Program Files (x86)\Intel\Intel(R) Management Engine Components\IPT;C:\Program Files\Intel\Intel(R) Management Engine Components\IPT;C:\Program Files (x86)\QuickTime\QTSystem\;C:\Program Files (x86)\Skype\Phone\;C:\Program Files (x86)\IVI Foundation\VISA\WinNT\Bin\;C:\Program Files\IVI Foundation\VISA\Win64\Bin\;C:\Program Files (x86)\IVI Foundation\VISA\WinNT\Bin;C:\WINDOWS\system32;
USERNAME=Matthew Hinton
OS=Windows_NT
PROCESSOR_IDENTIFIER=Intel64 Family 6 Model 61 Stepping 4, GenuineIntel



---------------  S Y S T E M  ---------------

OS: Windows 10.0 , 64 bit Build 10586 (10.0.10586.0)

CPU:total 4 (2 cores per cpu, 2 threads per core) family 6 model 61 stepping 4, cmov, cx8, fxsr, mmx, sse, sse2, sse3, ssse3, sse4.1, sse4.2, popcnt, avx, avx2, aes, clmul, erms, 3dnowpref, lzcnt, ht, tsc, tscinvbit, bmi1, bmi2, adx

Memory: 4k page, physical 4094676k(170244k free), swap 16677588k(2528k free)

vm_info: Java HotSpot(TM) 64-Bit Server VM (25.66-b18) for windows-amd64 JRE (1.8.0_66-b18), built on Nov  9 2015 10:51:13 by "java_re" with MS VC++ 10.0 (VS2010)

time: Sat May 21 21:48:16 2016
elapsed time: 9 seconds (0d 0h 0m 9s)

